<?xml version="1.0" encoding="UTF-8"?>
<!-- Generated by org.testng.reporters.JUnitXMLReporter -->
<testsuite ignored="0" hostname="DESKTOP-CI5MA9K" failures="0" tests="5" name="Default test" time="34.977" errors="0" timestamp="2025-06-02T12:14:07 IST">
  <testcase classname="testngpack.broswer" name="Login" time="5.288"/>
  <testcase classname="testngpack.broswer" name="CreateEvent" time="10.071"/>
  <testcase classname="testngpack.broswer" name="ViewEvents" time="3.222"/>
  <testcase classname="testngpack.broswer" name="UpcomingEvents" time="2.41"/>
  <testcase classname="testngpack.broswer" name="LogOut" time="4.209"/>
</testsuite> <!-- Default test -->
