<?xml version="1.0" encoding="UTF-8"?>
<!-- Generated by org.testng.reporters.JUnitXMLReporter -->
<testsuite ignored="0" hostname="DESKTOP-CI5MA9K" failures="0" tests="5" name="Default test" time="33.773" errors="0" timestamp="2025-05-28T10:41:45 IST">
  <testcase classname="testngpack.broswer" name="Login" time="5.07"/>
  <testcase classname="testngpack.broswer" name="CreateEvent" time="10.368"/>
  <testcase classname="testngpack.broswer" name="ViewEvents" time="2.554"/>
  <testcase classname="testngpack.broswer" name="UpcomingEvents" time="2.32"/>
  <testcase classname="testngpack.broswer" name="LogOut" time="4.169"/>
</testsuite> <!-- Default test -->
