<?xml version="1.0" encoding="UTF-8"?>
<testng-results ignored="0" total="5" passed="5" failed="0" skipped="0">
  <reporter-output>
  </reporter-output>
  <suite started-at="2025-05-28T10:41:11 IST" name="Default suite" finished-at="2025-05-28T10:41:45 IST" duration-ms="33773">
    <groups>
    </groups>
    <test started-at="2025-05-28T10:41:11 IST" name="Default test" finished-at="2025-05-28T10:41:45 IST" duration-ms="33773">
      <class name="testngpack.broswer">
        <test-method is-config="true" signature="BrowserLaunch()[pri:0, instance:testngpack.broswer@66f57048]" started-at="2025-05-28T10:41:11 IST" name="BrowserLaunch" finished-at="2025-05-28T10:41:20 IST" duration-ms="8680" status="PASS">
          <reporter-output>
          </reporter-output>
        </test-method> <!-- BrowserLaunch -->
        <test-method signature="Login()[pri:1, instance:testngpack.broswer@66f57048]" started-at="2025-05-28T10:41:20 IST" name="Login" finished-at="2025-05-28T10:41:25 IST" duration-ms="5070" status="PASS">
          <reporter-output>
          </reporter-output>
        </test-method> <!-- Login -->
        <test-method signature="CreateEvent()[pri:2, instance:testngpack.broswer@66f57048]" started-at="2025-05-28T10:41:25 IST" name="CreateEvent" finished-at="2025-05-28T10:41:35 IST" duration-ms="10368" status="PASS">
          <reporter-output>
          </reporter-output>
        </test-method> <!-- CreateEvent -->
        <test-method signature="ViewEvents()[pri:3, instance:testngpack.broswer@66f57048]" started-at="2025-05-28T10:41:35 IST" name="ViewEvents" finished-at="2025-05-28T10:41:38 IST" duration-ms="2554" status="PASS">
          <reporter-output>
          </reporter-output>
        </test-method> <!-- ViewEvents -->
        <test-method signature="UpcomingEvents()[pri:4, instance:testngpack.broswer@66f57048]" started-at="2025-05-28T10:41:38 IST" name="UpcomingEvents" finished-at="2025-05-28T10:41:40 IST" duration-ms="2320" status="PASS">
          <reporter-output>
          </reporter-output>
        </test-method> <!-- UpcomingEvents -->
        <test-method signature="LogOut()[pri:5, instance:testngpack.broswer@66f57048]" started-at="2025-05-28T10:41:40 IST" name="LogOut" finished-at="2025-05-28T10:41:44 IST" duration-ms="4169" status="PASS">
          <reporter-output>
          </reporter-output>
        </test-method> <!-- LogOut -->
        <test-method is-config="true" signature="QuitBrowser()[pri:0, instance:testngpack.broswer@66f57048]" started-at="2025-05-28T10:41:44 IST" name="QuitBrowser" finished-at="2025-05-28T10:41:45 IST" duration-ms="487" status="PASS">
          <reporter-output>
          </reporter-output>
        </test-method> <!-- QuitBrowser -->
      </class> <!-- testngpack.broswer -->
    </test> <!-- Default test -->
  </suite> <!-- Default suite -->
</testng-results>
